\BOOKMARK [1][-]{section.1}{Pre\342mbulo}{}% 1
\BOOKMARK [1][-]{section.2}{Documenta\347\343o}{}% 2
\BOOKMARK [1][-]{section.3}{Como realizar o trabalho}{}% 3
\BOOKMARK [1][-]{appendix.A}{Como exprimir c\341lculos e diagramas em LaTeX/lhs2tex}{}% 4
\BOOKMARK [1][-]{appendix.B}{Programa\347\343o din\342mica por recursividade m\372ltipla}{}% 5
\BOOKMARK [1][-]{appendix.C}{C\363digo fornecido}{}% 6
\BOOKMARK [1][-]{appendix.D}{Solu\347\365es dos alunos}{}% 7
\BOOKMARK [2][-]{subsubsection.D.0.1}{\173Cata, ana e hilo\175-morfismos}{appendix.D}% 8
\BOOKMARK [3][-]{subsubsection.D.0.2}{Calcula}{subsubsection.D.0.1}% 9
\BOOKMARK [3][-]{subsubsection.D.0.3}{Compile}{subsubsection.D.0.1}% 10
\BOOKMARK [3][-]{subsubsection.D.0.4}{Show}{subsubsection.D.0.1}% 11
\BOOKMARK [2][-]{subsection.D.1}{Problema 2}{appendix.D}% 12
\BOOKMARK [3][-]{subsubsection.D.1.1}{\173Cata, ana e hilo\175-morfismos}{subsection.D.1}% 13
\BOOKMARK [3][-]{subsubsection.D.1.2}{Collect leafs}{subsection.D.1}% 14
\BOOKMARK [3][-]{subsubsection.D.1.3}{Dimens\365es}{subsection.D.1}% 15
\BOOKMARK [3][-]{subsubsection.D.1.4}{Calcula origens}{subsection.D.1}% 16
\BOOKMARK [3][-]{subsubsection.D.1.5}{Finaliza\347\343o}{subsection.D.1}% 17
\BOOKMARK [3][-]{subsubsection.D.1.6}{outNode e outFS}{subsection.D.1}% 18
\BOOKMARK [3][-]{subsubsection.D.1.7}{\173Cata, ana e hilo\175-morfismos}{subsection.D.1}% 19
\BOOKMARK [3][-]{subsubsection.D.1.8}{Check}{subsection.D.1}% 20
\BOOKMARK [3][-]{subsubsection.D.1.9}{Tar}{subsection.D.1}% 21
\BOOKMARK [3][-]{subsubsection.D.1.10}{Untar}{subsection.D.1}% 22
\BOOKMARK [3][-]{subsubsection.D.1.11}{Find}{subsection.D.1}% 23
\BOOKMARK [3][-]{subsubsection.D.1.12}{New}{subsection.D.1}% 24
\BOOKMARK [3][-]{subsubsection.D.1.13}{Copy}{subsection.D.1}% 25
\BOOKMARK [3][-]{subsubsection.D.1.14}{Remove}{subsection.D.1}% 26
\BOOKMARK [3][-]{subsubsection.D.1.15}{Fun\347\365es n\343o constru\355das}{subsection.D.1}% 27
